{"logLevel":"debug","message":"multithreading is set to false"}
{"logLevel":"debug","message":"Using reflection to scan dependencies for gauge implementations..."}
SLF4J: Failed to load class "org.slf4j.impl.StaticLoggerBinder".
SLF4J: Defaulting to no-operation (NOP) logger implementation
SLF4J: See http://www.slf4j.org/codes.html#StaticLoggerBinder for further details.
{"logLevel":"debug","message":"gauge-java took 1608milliseconds to load and scan. This should be less than 'runner_connection_timeout' config value."}
{"logLevel":"debug","message":"run 'gauge config runner_connection_timeout' and verify that it is < 1608"}
{"logLevel":"debug","message":"starting gRPC server..."}
{"logLevel":"debug","message":"started gRPC server on port 55385"}
{"logLevel":"info","message":"Listening on port:55385"}
{"logLevel":"debug","message":"Scanning packages for steps"}
{"logLevel":"debug","message":"Comparing 'Tests.Test1.ClickSignInButton' and 'Tests.Test1.ClickSignInButton'"}
{"logLevel":"debug","message":"Found Sign-in butonuna tiklanir in current project scope."}
{"logLevel":"debug","message":"Comparing 'Tests.Test1.ClickLoginButton' and 'Tests.Test1.ClickLoginButton'"}
{"logLevel":"debug","message":"Found Giris yap butonuna tiklanir in current project scope."}
{"logLevel":"debug","message":"Comparing 'Tests.Test1.SetEmailAddress' and 'Tests.Test1.SetEmailAddress'"}
{"logLevel":"debug","message":"Found E- mail adresi {} olarak yazilir in current project scope."}
{"logLevel":"debug","message":"Comparing 'org.example.StepImplementation.ensureInstallationInstructionsAreAvailable' and 'org.example.StepImplementation.ensureInstallationInstructionsAreAvailable'"}
{"logLevel":"debug","message":"Found Ensure installation instructions are available in current project scope."}
{"logLevel":"debug","message":"Comparing 'org.example.StepImplementation.gotoGetStartedPage' and 'org.example.StepImplementation.gotoGetStartedPage'"}
{"logLevel":"debug","message":"Found Go to Gauge Get Started Page in current project scope."}
{"logLevel":"debug","message":"Comparing 'Tests.Test1.SetPassword' and 'Tests.Test1.SetPassword'"}
{"logLevel":"debug","message":"Found Sifre  {} olarak yazilir in current project scope."}
{"logLevel":"debug","message":"Comparing 'org.example.StepImplementation.implementation1' and 'org.example.StepImplementation.implementation1'"}
{"logLevel":"debug","message":"Found Open the Gauge homepage in current project scope."}
{"logLevel":"debug","message":"Scanning packages for hooks"}
{"logLevel":"debug","message":"Scanned steps (using static parsing + reflections): "}
{"logLevel":"debug","message":"\tOpen the Gauge homepage : public void implementation1()"}
{"logLevel":"debug","message":"\tGo to Gauge Get Started Page : public void gotoGetStartedPage() throws InterruptedException"}
{"logLevel":"debug","message":"\tE- mail adresi {} olarak yazilir : public void SetEmailAddress(String email)"}
{"logLevel":"debug","message":"\tSifre  {} olarak yazilir : public void SetPassword(String password)"}
{"logLevel":"debug","message":"\tGiris yap butonuna tiklanir : public void ClickLoginButton()"}
{"logLevel":"debug","message":"\tEnsure installation instructions are available : public void ensureInstallationInstructionsAreAvailable() throws InterruptedException"}
{"logLevel":"debug","message":"\tSign-in butonuna tiklanir : public void ClickSignInButton()"}
