Listening for transport dt_socket at address: 56473
{"logLevel":"debug","message":"multithreading is set to false"}
{"logLevel":"debug","message":"Using reflection to scan dependencies for gauge implementations..."}
SLF4J: Failed to load class "org.slf4j.impl.StaticLoggerBinder".
SLF4J: Defaulting to no-operation (NOP) logger implementation
SLF4J: See http://www.slf4j.org/codes.html#StaticLoggerBinder for further details.
{"logLevel":"debug","message":"gauge-java took 1346milliseconds to load and scan. This should be less than 'runner_connection_timeout' config value."}
{"logLevel":"debug","message":"run 'gauge config runner_connection_timeout' and verify that it is < 1346"}
{"logLevel":"debug","message":"starting gRPC server..."}
{"logLevel":"debug","message":"started gRPC server on port 56512"}
{"logLevel":"info","message":"Listening on port:56512"}
{"logLevel":"debug","message":"Scanning packages for steps"}
{"logLevel":"debug","message":"Comparing 'Tests.ProductDetailTest.IsThankYouDisplayed' and 'Tests.ProductDetailTest.IsThankYouDisplayed'"}
{"logLevel":"debug","message":"Found {} mesajinin geldigi gorulur in current project scope."}
{"logLevel":"debug","message":"Comparing 'Tests.ProductsPageTest.IsSearchedProductExist' and 'Tests.ProductsPageTest.IsSearchedProductExist'"}
{"logLevel":"debug","message":"Found Aranan urunun geldigi gorulur in current project scope."}
{"logLevel":"debug","message":"Comparing 'Tests.ProductDetailTest.ClickFirstApproveButton' and 'Tests.ProductDetailTest.ClickFirstApproveButton'"}
{"logLevel":"debug","message":"Found Degerlendirmeler tabindaki ilk yorum onaylanır in current project scope."}
{"logLevel":"debug","message":"Comparing 'Tests.HomePageTest.SearchProduct' and 'Tests.HomePageTest.SearchProduct'"}
{"logLevel":"debug","message":"Found Arama alaninda {} aratilir in current project scope."}
{"logLevel":"debug","message":"Comparing 'Tests.ProductDetailTest.ClickSortDropBox' and 'Tests.ProductDetailTest.ClickSortDropBox'"}
{"logLevel":"debug","message":"Found Sirala dropbox'ina tiklanir in current project scope."}
{"logLevel":"debug","message":"Comparing 'org.example.StepImplementation.ensureInstallationInstructionsAreAvailable' and 'org.example.StepImplementation.ensureInstallationInstructionsAreAvailable'"}
{"logLevel":"debug","message":"Found Ensure installation instructions are available in current project scope."}
{"logLevel":"debug","message":"Comparing 'Tests.ProductsPageTest.SelectRandomProduct' and 'Tests.ProductsPageTest.SelectRandomProduct'"}
{"logLevel":"debug","message":"Found Rasgele bir urun secilir in current project scope."}
{"logLevel":"debug","message":"Comparing 'Tests.ProductDetailTest.ClickProductReviewTab' and 'Tests.ProductDetailTest.ClickProductReviewTab'"}
{"logLevel":"debug","message":"Found Secilen urunde degerlendirme tabina tiklanir in current project scope."}
{"logLevel":"debug","message":"Comparing 'Tests.HomePageTest.initializeWebSite' and 'Tests.HomePageTest.initializeWebSite'"}
{"logLevel":"debug","message":"Found {} sitesine giris yapilir in current project scope."}
{"logLevel":"debug","message":"Comparing 'Tests.ProductDetailTest.IsSortElementExist' and 'Tests.ProductDetailTest.IsSortElementExist'"}
{"logLevel":"debug","message":"Found Sirala dropbox'inda elemanlarin geldigi gorulur in current project scope."}
{"logLevel":"debug","message":"Comparing 'org.example.StepImplementation.gotoGetStartedPage' and 'org.example.StepImplementation.gotoGetStartedPage'"}
{"logLevel":"debug","message":"Found Go to Gauge Get Started Page in current project scope."}
{"logLevel":"debug","message":"Comparing 'org.example.StepImplementation.implementation1' and 'org.example.StepImplementation.implementation1'"}
{"logLevel":"debug","message":"Found Open the Gauge homepage in current project scope."}
{"logLevel":"debug","message":"Scanning packages for hooks"}
{"logLevel":"debug","message":"Scanned steps (using static parsing + reflections): "}
{"logLevel":"debug","message":"\tAranan urunun geldigi gorulur : public void IsSearchedProductExist()"}
{"logLevel":"debug","message":"\tOpen the Gauge homepage : public void implementation1()"}
{"logLevel":"debug","message":"\tGo to Gauge Get Started Page : public void gotoGetStartedPage() throws InterruptedException"}
{"logLevel":"debug","message":"\tSecilen urunde degerlendirme tabina tiklanir : public void ClickProductReviewTab()"}
{"logLevel":"debug","message":"\tSirala dropbox'inda elemanlarin geldigi gorulur : public void IsSortElementExist()"}
{"logLevel":"debug","message":"\tRasgele bir urun secilir : public void SelectRandomProduct()"}
{"logLevel":"debug","message":"\t{} sitesine giris yapilir : public void initializeWebSite(String url)"}
{"logLevel":"debug","message":"\tArama alaninda {} aratilir : public void SearchProduct(String productName)"}
{"logLevel":"debug","message":"\tEnsure installation instructions are available : public void ensureInstallationInstructionsAreAvailable() throws InterruptedException"}
{"logLevel":"debug","message":"\t{} mesajinin geldigi gorulur : public void IsThankYouDisplayed(String key)"}
{"logLevel":"debug","message":"\tDegerlendirmeler tabindaki ilk yorum onaylanır : public void ClickFirstApproveButton()"}
{"logLevel":"debug","message":"\tSirala dropbox'ina tiklanir : public void ClickSortDropBox()"}
Starting ChromeDriver 89.0.4389.23 (61b08ee2c50024bab004e48d2b1b083cdbdac579-refs/branch-heads/4389@{#294}) on port 9468
Only local connections are allowed.
Please see https://chromedriver.chromium.org/security-considerations for suggestions on keeping ChromeDriver safe.
ChromeDriver was started successfully.
Mar 28, 2021 12:06:26 AM org.openqa.selenium.remote.ProtocolHandshake createSession
INFO: Detected dialect: W3C
{"logLevel":"debug","message":"Executing 'Open the Gauge homepage' using 'class org.example.StepImplementation.implementation1"}
{"logLevel":"debug","message":"Executing '{} sitesine giris yapilir' using 'class Tests.HomePageTest.initializeWebSite"}
{"logLevel":"debug","message":"Executing 'Arama alaninda {} aratilir' using 'class Tests.HomePageTest.SearchProduct"}
{"logLevel":"debug","message":"Executing 'Aranan urunun geldigi gorulur' using 'class Tests.ProductsPageTest.IsSearchedProductExist"}
{"logLevel":"debug","message":"Executing 'Rasgele bir urun secilir' using 'class Tests.ProductsPageTest.SelectRandomProduct"}
{"logLevel":"debug","message":"Executing 'Secilen urunde degerlendirme tabina tiklanir' using 'class Tests.ProductDetailTest.ClickProductReviewTab"}
{"logLevel":"debug","message":"Executing 'Sirala dropbox'ina tiklanir' using 'class Tests.ProductDetailTest.ClickSortDropBox"}
{"logLevel":"debug","message":"Executing 'Sirala dropbox'inda elemanlarin geldigi gorulur' using 'class Tests.ProductDetailTest.IsSortElementExist"}
Listening for transport dt_socket at address: 56473
